[     950ms] [ERROR] WebSocket connection to 'ws://localhost:8000/ws/HAWK-9907?token=f83a2f4477666a8eed4730258a9b7ac6' failed: Error during WebSocket handshake: Unexpected response code: 403 @ http://localhost:8000/static/js/websocket-client.js?v=fa4e4b73:18
[    1248ms] [ERROR] Failed to load resource: the server responded with a status of 500 (Internal Server Error) @ http://localhost:8000/api/map/HAWK-9907:0
[    2288ms] [ERROR] WebSocket connection to 'ws://localhost:8000/ws/HAWK-9907?token=f83a2f4477666a8eed4730258a9b7ac6' failed: Error during WebSocket handshake: Unexpected response code: 403 @ http://localhost:8000/static/js/websocket-client.js?v=fa4e4b73:18
[    4631ms] [ERROR] WebSocket connection to 'ws://localhost:8000/ws/HAWK-9907?token=f83a2f4477666a8eed4730258a9b7ac6' failed: Error during WebSocket handshake: Unexpected response code: 403 @ http://localhost:8000/static/js/websocket-client.js?v=fa4e4b73:18
[    8968ms] [ERROR] WebSocket connection to 'ws://localhost:8000/ws/HAWK-9907?token=f83a2f4477666a8eed4730258a9b7ac6' failed: Error during WebSocket handshake: Unexpected response code: 403 @ http://localhost:8000/static/js/websocket-client.js?v=fa4e4b73:18
[   17316ms] [ERROR] WebSocket connection to 'ws://localhost:8000/ws/HAWK-9907?token=f83a2f4477666a8eed4730258a9b7ac6' failed: Error during WebSocket handshake: Unexpected response code: 403 @ http://localhost:8000/static/js/websocket-client.js?v=fa4e4b73:18
[   26948ms] [ERROR] Failed to load resource: the server responded with a status of 500 (Internal Server Error) @ http://localhost:8000/api/map/HAWK-9907:0
[   33653ms] [ERROR] WebSocket connection to 'ws://localhost:8000/ws/HAWK-9907?token=f83a2f4477666a8eed4730258a9b7ac6' failed: Error during WebSocket handshake: Unexpected response code: 403 @ http://localhost:8000/static/js/websocket-client.js?v=fa4e4b73:18
[   64010ms] [ERROR] WebSocket connection to 'ws://localhost:8000/ws/HAWK-9907?token=f83a2f4477666a8eed4730258a9b7ac6' failed: Error during WebSocket handshake: Unexpected response code: 403 @ http://localhost:8000/static/js/websocket-client.js?v=fa4e4b73:18
[   94371ms] [ERROR] WebSocket connection to 'ws://localhost:8000/ws/HAWK-9907?token=f83a2f4477666a8eed4730258a9b7ac6' failed: Error during WebSocket handshake: Unexpected response code: 403 @ http://localhost:8000/static/js/websocket-client.js?v=fa4e4b73:18
[  124711ms] [ERROR] WebSocket connection to 'ws://localhost:8000/ws/HAWK-9907?token=f83a2f4477666a8eed4730258a9b7ac6' failed: Error during WebSocket handshake: Unexpected response code: 403 @ http://localhost:8000/static/js/websocket-client.js?v=fa4e4b73:18
[  155046ms] [ERROR] WebSocket connection to 'ws://localhost:8000/ws/HAWK-9907?token=f83a2f4477666a8eed4730258a9b7ac6' failed: Error during WebSocket handshake: Unexpected response code: 403 @ http://localhost:8000/static/js/websocket-client.js?v=fa4e4b73:18
[  185372ms] [ERROR] WebSocket connection to 'ws://localhost:8000/ws/HAWK-9907?token=f83a2f4477666a8eed4730258a9b7ac6' failed: Error during WebSocket handshake: Unexpected response code: 403 @ http://localhost:8000/static/js/websocket-client.js?v=fa4e4b73:18
[ 2207431ms] [ERROR] WebSocket connection to 'ws://localhost:8000/ws/HAWK-9907?token=f83a2f4477666a8eed4730258a9b7ac6' failed: Error during WebSocket handshake: Unexpected response code: 403 @ http://localhost:8000/static/js/websocket-client.js?v=fa4e4b73:18
[ 2207953ms] [ERROR] Failed to load resource: the server responded with a status of 500 (Internal Server Error) @ http://localhost:8000/api/map/HAWK-9907:0
[ 2208014ms] [ERROR] Failed to load resource: the server responded with a status of 500 (Internal Server Error) @ http://localhost:8000/api/map/HAWK-9907:0
[ 2208781ms] [ERROR] WebSocket connection to 'ws://localhost:8000/ws/HAWK-9907?token=f83a2f4477666a8eed4730258a9b7ac6' failed: Error during WebSocket handshake: Unexpected response code: 403 @ http://localhost:8000/static/js/websocket-client.js?v=fa4e4b73:18
[ 2211118ms] [ERROR] WebSocket connection to 'ws://localhost:8000/ws/HAWK-9907?token=f83a2f4477666a8eed4730258a9b7ac6' failed: Error during WebSocket handshake: Unexpected response code: 403 @ http://localhost:8000/static/js/websocket-client.js?v=fa4e4b73:18
[ 2215462ms] [ERROR] WebSocket connection to 'ws://localhost:8000/ws/HAWK-9907?token=f83a2f4477666a8eed4730258a9b7ac6' failed: Error during WebSocket handshake: Unexpected response code: 403 @ http://localhost:8000/static/js/websocket-client.js?v=fa4e4b73:18
[ 2217194ms] [ERROR] WebSocket connection to 'ws://localhost:8000/ws/HAWK-9907?token=f83a2f4477666a8eed4730258a9b7ac6' failed: Error during WebSocket handshake: Unexpected response code: 403 @ http://localhost:8000/static/js/websocket-client.js?v=fa4e4b73:18
[ 2217401ms] [ERROR] Failed to load resource: the server responded with a status of 500 (Internal Server Error) @ http://localhost:8000/api/map/HAWK-9907:0
[ 2218543ms] [ERROR] WebSocket connection to 'ws://localhost:8000/ws/HAWK-9907?token=f83a2f4477666a8eed4730258a9b7ac6' failed: Error during WebSocket handshake: Unexpected response code: 403 @ http://localhost:8000/static/js/websocket-client.js?v=fa4e4b73:18
[ 2218709ms] [ERROR] Failed to load resource: the server responded with a status of 500 (Internal Server Error) @ http://localhost:8000/api/map/HAWK-9907:0
[ 2220896ms] [ERROR] WebSocket connection to 'ws://localhost:8000/ws/HAWK-9907?token=f83a2f4477666a8eed4730258a9b7ac6' failed: Error during WebSocket handshake: Unexpected response code: 403 @ http://localhost:8000/static/js/websocket-client.js?v=fa4e4b73:18
[ 2225239ms] [ERROR] WebSocket connection to 'ws://localhost:8000/ws/HAWK-9907?token=f83a2f4477666a8eed4730258a9b7ac6' failed: Error during WebSocket handshake: Unexpected response code: 403 @ http://localhost:8000/static/js/websocket-client.js?v=fa4e4b73:18
[ 2233609ms] [ERROR] WebSocket connection to 'ws://localhost:8000/ws/HAWK-9907?token=f83a2f4477666a8eed4730258a9b7ac6' failed: Error during WebSocket handshake: Unexpected response code: 403 @ http://localhost:8000/static/js/websocket-client.js?v=fa4e4b73:18
[ 2250025ms] [ERROR] WebSocket connection to 'ws://localhost:8000/ws/HAWK-9907?token=f83a2f4477666a8eed4730258a9b7ac6' failed: Error during WebSocket handshake: Unexpected response code: 403 @ http://localhost:8000/static/js/websocket-client.js?v=fa4e4b73:18
[ 2280414ms] [ERROR] WebSocket connection to 'ws://localhost:8000/ws/HAWK-9907?token=f83a2f4477666a8eed4730258a9b7ac6' failed: Error during WebSocket handshake: Unexpected response code: 403 @ http://localhost:8000/static/js/websocket-client.js?v=fa4e4b73:18
[ 2310842ms] [ERROR] WebSocket connection to 'ws://localhost:8000/ws/HAWK-9907?token=f83a2f4477666a8eed4730258a9b7ac6' failed: Error during WebSocket handshake: Unexpected response code: 403 @ http://localhost:8000/static/js/websocket-client.js?v=fa4e4b73:18
[ 2341201ms] [ERROR] WebSocket connection to 'ws://localhost:8000/ws/HAWK-9907?token=f83a2f4477666a8eed4730258a9b7ac6' failed: Error during WebSocket handshake: Unexpected response code: 403 @ http://localhost:8000/static/js/websocket-client.js?v=fa4e4b73:18
[ 2371546ms] [ERROR] WebSocket connection to 'ws://localhost:8000/ws/HAWK-9907?token=f83a2f4477666a8eed4730258a9b7ac6' failed: Error during WebSocket handshake: Unexpected response code: 403 @ http://localhost:8000/static/js/websocket-client.js?v=fa4e4b73:18
[ 2401906ms] [ERROR] WebSocket connection to 'ws://localhost:8000/ws/HAWK-9907?token=f83a2f4477666a8eed4730258a9b7ac6' failed: Error during WebSocket handshake: Unexpected response code: 403 @ http://localhost:8000/static/js/websocket-client.js?v=fa4e4b73:18
[ 4440805ms] [ERROR] WebSocket connection to 'ws://localhost:8000/ws/HAWK-9907?token=f83a2f4477666a8eed4730258a9b7ac6' failed: Error during WebSocket handshake: Unexpected response code: 403 @ http://localhost:8000/static/js/websocket-client.js?v=fa4e4b73:18
[ 4441187ms] [ERROR] Failed to load resource: the server responded with a status of 500 (Internal Server Error) @ http://localhost:8000/api/map/HAWK-9907:0
[ 4442154ms] [ERROR] WebSocket connection to 'ws://localhost:8000/ws/HAWK-9907?token=f83a2f4477666a8eed4730258a9b7ac6' failed: Error during WebSocket handshake: Unexpected response code: 403 @ http://localhost:8000/static/js/websocket-client.js?v=fa4e4b73:18
[ 4444491ms] [ERROR] WebSocket connection to 'ws://localhost:8000/ws/HAWK-9907?token=f83a2f4477666a8eed4730258a9b7ac6' failed: Error during WebSocket handshake: Unexpected response code: 403 @ http://localhost:8000/static/js/websocket-client.js?v=fa4e4b73:18
[ 4448828ms] [ERROR] WebSocket connection to 'ws://localhost:8000/ws/HAWK-9907?token=f83a2f4477666a8eed4730258a9b7ac6' failed: Error during WebSocket handshake: Unexpected response code: 403 @ http://localhost:8000/static/js/websocket-client.js?v=fa4e4b73:18
[ 4456020ms] [ERROR] Failed to load resource: the server responded with a status of 500 (Internal Server Error) @ http://localhost:8000/api/map/HAWK-9907:0
[ 4457181ms] [ERROR] WebSocket connection to 'ws://localhost:8000/ws/HAWK-9907?token=f83a2f4477666a8eed4730258a9b7ac6' failed: Error during WebSocket handshake: Unexpected response code: 403 @ http://localhost:8000/static/js/websocket-client.js?v=fa4e4b73:18
[ 4461307ms] [ERROR] WebSocket connection to 'ws://localhost:8000/ws/HAWK-9907?token=f83a2f4477666a8eed4730258a9b7ac6' failed: Error during WebSocket handshake: Unexpected response code: 403 @ http://localhost:8000/static/js/websocket-client.js?v=fa4e4b73:18
[ 4461748ms] [ERROR] Failed to load resource: the server responded with a status of 500 (Internal Server Error) @ http://localhost:8000/api/map/HAWK-9907:0
[ 4462022ms] [ERROR] Failed to load resource: the server responded with a status of 500 (Internal Server Error) @ http://localhost:8000/api/map/HAWK-9907:0
[ 4462667ms] [ERROR] WebSocket connection to 'ws://localhost:8000/ws/HAWK-9907?token=f83a2f4477666a8eed4730258a9b7ac6' failed: Error during WebSocket handshake: Unexpected response code: 403 @ http://localhost:8000/static/js/websocket-client.js?v=fa4e4b73:18
[ 4465039ms] [ERROR] WebSocket connection to 'ws://localhost:8000/ws/HAWK-9907?token=f83a2f4477666a8eed4730258a9b7ac6' failed: Error during WebSocket handshake: Unexpected response code: 403 @ http://localhost:8000/static/js/websocket-client.js?v=fa4e4b73:18
[ 4469424ms] [ERROR] WebSocket connection to 'ws://localhost:8000/ws/HAWK-9907?token=f83a2f4477666a8eed4730258a9b7ac6' failed: Error during WebSocket handshake: Unexpected response code: 403 @ http://localhost:8000/static/js/websocket-client.js?v=fa4e4b73:18
[ 4477832ms] [ERROR] WebSocket connection to 'ws://localhost:8000/ws/HAWK-9907?token=f83a2f4477666a8eed4730258a9b7ac6' failed: Error during WebSocket handshake: Unexpected response code: 403 @ http://localhost:8000/static/js/websocket-client.js?v=fa4e4b73:18
[ 4494240ms] [ERROR] WebSocket connection to 'ws://localhost:8000/ws/HAWK-9907?token=f83a2f4477666a8eed4730258a9b7ac6' failed: Error during WebSocket handshake: Unexpected response code: 403 @ http://localhost:8000/static/js/websocket-client.js?v=fa4e4b73:18
[ 4524694ms] [ERROR] WebSocket connection to 'ws://localhost:8000/ws/HAWK-9907?token=f83a2f4477666a8eed4730258a9b7ac6' failed: Error during WebSocket handshake: Unexpected response code: 403 @ http://localhost:8000/static/js/websocket-client.js?v=fa4e4b73:18
[ 4555178ms] [ERROR] WebSocket connection to 'ws://localhost:8000/ws/HAWK-9907?token=f83a2f4477666a8eed4730258a9b7ac6' failed: Error during WebSocket handshake: Unexpected response code: 403 @ http://localhost:8000/static/js/websocket-client.js?v=fa4e4b73:18
[ 4585537ms] [ERROR] WebSocket connection to 'ws://localhost:8000/ws/HAWK-9907?token=f83a2f4477666a8eed4730258a9b7ac6' failed: Error during WebSocket handshake: Unexpected response code: 403 @ http://localhost:8000/static/js/websocket-client.js?v=fa4e4b73:18
[ 4615888ms] [ERROR] WebSocket connection to 'ws://localhost:8000/ws/HAWK-9907?token=f83a2f4477666a8eed4730258a9b7ac6' failed: Error during WebSocket handshake: Unexpected response code: 403 @ http://localhost:8000/static/js/websocket-client.js?v=fa4e4b73:18
[ 4646250ms] [ERROR] WebSocket connection to 'ws://localhost:8000/ws/HAWK-9907?token=f83a2f4477666a8eed4730258a9b7ac6' failed: Error during WebSocket handshake: Unexpected response code: 403 @ http://localhost:8000/static/js/websocket-client.js?v=fa4e4b73:18
[ 5804899ms] [ERROR] WebSocket connection to 'ws://localhost:8000/ws/HAWK-9907?token=f83a2f4477666a8eed4730258a9b7ac6' failed: Error during WebSocket handshake: Unexpected response code: 403 @ http://localhost:8000/static/js/websocket-client.js?v=fa4e4b73:18
[ 5806236ms] [ERROR] WebSocket connection to 'ws://localhost:8000/ws/HAWK-9907?token=f83a2f4477666a8eed4730258a9b7ac6' failed: Error during WebSocket handshake: Unexpected response code: 403 @ http://localhost:8000/static/js/websocket-client.js?v=fa4e4b73:18
[ 5808581ms] [ERROR] WebSocket connection to 'ws://localhost:8000/ws/HAWK-9907?token=f83a2f4477666a8eed4730258a9b7ac6' failed: Error during WebSocket handshake: Unexpected response code: 403 @ http://localhost:8000/static/js/websocket-client.js?v=fa4e4b73:18
